0 info it worked if it ends with ok
1 verbose cli [ '/usr/local/Cellar/node@6/6.14.4/bin/node',
1 verbose cli   '/usr/local/opt/node@6/bin/npm',
1 verbose cli   'start' ]
2 info using npm@3.10.10
3 info using node@v11.0.0
4 verbose run-script [ 'prestart', 'start', 'poststart' ]
5 info lifecycle chat@1.0.0~prestart: chat@1.0.0
6 silly lifecycle chat@1.0.0~prestart: no script for prestart, continuing
7 info lifecycle chat@1.0.0~start: chat@1.0.0
8 verbose lifecycle chat@1.0.0~start: unsafe-perm in lifecycle true
9 verbose lifecycle chat@1.0.0~start: PATH: /usr/local/Cellar/node@6/6.14.4/lib/node_modules/npm/bin/node-gyp-bin:/Users/inspeero/Desktop/angularjschat/node_modules/.bin:/usr/local/Cellar/node@6/6.14.4/bin:/usr/local/opt/node@6/bin:/usr/local/opt/node@6/bin:/usr/local/bin:/usr/bin:/bin:/usr/sbin:/sbin:/Library/Frameworks/Mono.framework/Versions/Current/Commands
10 verbose lifecycle chat@1.0.0~start: CWD: /Users/inspeero/Desktop/angularjschat
11 silly lifecycle chat@1.0.0~start: Args: [ '-c', 'nodemon server.js' ]
12 silly lifecycle chat@1.0.0~start: Returned: code: 126  signal: null
13 info lifecycle chat@1.0.0~start: Failed to exec start script
14 verbose stack Error: chat@1.0.0 start: `nodemon server.js`
14 verbose stack Exit status 126
14 verbose stack     at EventEmitter.<anonymous> (/usr/local/Cellar/node@6/6.14.4/lib/node_modules/npm/lib/utils/lifecycle.js:255:16)
14 verbose stack     at EventEmitter.emit (events.js:182:13)
14 verbose stack     at ChildProcess.<anonymous> (/usr/local/Cellar/node@6/6.14.4/lib/node_modules/npm/lib/utils/spawn.js:40:14)
14 verbose stack     at ChildProcess.emit (events.js:182:13)
14 verbose stack     at maybeClose (internal/child_process.js:962:16)
14 verbose stack     at Process.ChildProcess._handle.onexit (internal/child_process.js:251:5)
15 verbose pkgid chat@1.0.0
16 verbose cwd /Users/inspeero/Desktop/angularjschat
17 error Darwin 16.7.0
18 error argv "/usr/local/Cellar/node@6/6.14.4/bin/node" "/usr/local/opt/node@6/bin/npm" "start"
19 error node v11.0.0
20 error npm  v3.10.10
21 error code ELIFECYCLE
22 error chat@1.0.0 start: `nodemon server.js`
22 error Exit status 126
23 error Failed at the chat@1.0.0 start script 'nodemon server.js'.
23 error Make sure you have the latest version of node.js and npm installed.
23 error If you do, this is most likely a problem with the chat package,
23 error not with npm itself.
23 error Tell the author that this fails on your system:
23 error     nodemon server.js
23 error You can get information on how to open an issue for this project with:
23 error     npm bugs chat
23 error Or if that isn't available, you can get their info via:
23 error     npm owner ls chat
23 error There is likely additional logging output above.
24 verbose exit [ 1, true ]
